TN:
SF:src/App.js
FN:20,(anonymous_0)
FN:27,(anonymous_1)
FN:32,(anonymous_2)
FN:49,(anonymous_3)
FN:51,(anonymous_4)
FN:52,(anonymous_5)
FN:58,(anonymous_6)
FN:61,(anonymous_7)
FN:71,(anonymous_8)
FN:77,(anonymous_9)
FN:81,(anonymous_10)
FN:86,(anonymous_11)
FNF:12
FNH:11
FNDA:2,(anonymous_0)
FNDA:4,(anonymous_1)
FNDA:18,(anonymous_2)
FNDA:2,(anonymous_3)
FNDA:2,(anonymous_4)
FNDA:10,(anonymous_5)
FNDA:3,(anonymous_6)
FNDA:0,(anonymous_7)
FNDA:1,(anonymous_8)
FNDA:2,(anonymous_9)
FNDA:1,(anonymous_10)
FNDA:3,(anonymous_11)
DA:3,2
DA:4,2
DA:5,2
DA:6,2
DA:7,2
DA:8,2
DA:10,2
DA:11,2
DA:12,2
DA:13,2
DA:14,2
DA:15,2
DA:16,2
DA:17,2
DA:21,2
DA:22,2
DA:23,2
DA:28,4
DA:32,4
DA:33,18
DA:34,18
DA:35,18
DA:38,4
DA:39,4
DA:40,4
DA:41,4
DA:43,4
DA:44,3
DA:45,3
DA:50,2
DA:51,2
DA:52,2
DA:53,10
DA:59,3
DA:60,3
DA:61,3
DA:62,0
DA:71,3
DA:72,1
DA:73,1
DA:78,2
DA:79,2
DA:81,2
DA:82,1
DA:87,3
DA:88,3
DA:89,3
DA:90,2
DA:91,2
DA:92,2
DA:93,2
DA:97,2
LF:52
LH:51
BRDA:22,0,0,2
BRDA:22,0,1,0
BRDA:22,1,0,2
BRDA:22,1,1,0
BRDA:29,2,0,1
BRDA:29,2,1,3
BRDA:43,3,0,3
BRDA:43,3,1,1
BRDA:60,4,0,3
BRDA:60,4,1,0
BRF:10
BRH:7
end_of_record
TN:
SF:src/api/modules/users/controllers/AuthController.js
FN:11,(anonymous_0)
FN:20,(anonymous_1)
FNF:2
FNH:2
FNDA:3,(anonymous_0)
FNDA:4,(anonymous_1)
DA:3,3
DA:4,3
DA:5,3
DA:6,3
DA:7,3
DA:8,3
DA:12,3
DA:13,3
DA:14,3
DA:15,3
DA:16,3
DA:17,3
DA:21,4
DA:22,4
DA:23,4
DA:25,4
DA:26,4
DA:29,4
DA:31,4
DA:32,1
DA:35,3
DA:37,3
DA:38,2
DA:39,2
DA:40,2
DA:41,2
DA:43,2
DA:45,2
DA:46,2
DA:47,1
DA:48,1
DA:50,2
DA:53,2
DA:54,2
DA:55,2
DA:56,2
DA:58,2
DA:60,2
DA:61,2
DA:63,1
DA:68,3
LF:41
LH:41
BRDA:22,0,0,4
BRDA:22,0,1,0
BRDA:25,1,0,4
BRDA:25,1,1,0
BRDA:31,2,0,1
BRDA:31,2,1,3
BRDA:37,3,0,2
BRDA:37,3,1,1
BRDA:45,4,0,2
BRDA:45,4,1,0
BRDA:45,5,0,2
BRDA:45,5,1,2
BRDA:45,5,2,0
BRDA:58,6,0,1
BRDA:58,6,1,1
BRF:15
BRH:11
end_of_record
TN:
SF:src/api/modules/users/controllers/ProfileController.js
FN:8,(anonymous_0)
FN:14,(anonymous_1)
FNF:2
FNH:1
FNDA:2,(anonymous_0)
FNDA:0,(anonymous_1)
DA:3,2
DA:4,2
DA:5,2
DA:9,2
DA:10,2
DA:11,2
DA:15,0
DA:16,0
DA:17,0
DA:18,0
DA:19,0
DA:20,0
DA:22,0
DA:23,0
DA:24,0
DA:27,0
DA:29,0
DA:30,0
DA:35,0
DA:38,0
DA:43,2
LF:21
LH:7
BRDA:16,0,0,0
BRDA:16,0,1,0
BRDA:19,1,0,0
BRDA:19,1,1,0
BRDA:29,2,0,0
BRDA:29,2,1,0
BRF:6
BRH:0
end_of_record
TN:
SF:src/api/modules/users/controllers/ResourceController.js
FN:7,(anonymous_0)
FNF:1
FNH:1
FNDA:2,(anonymous_0)
DA:3,2
DA:4,2
DA:8,2
DA:12,2
LF:4
LH:4
BRF:0
BRH:0
end_of_record
TN:
SF:src/api/modules/users/controllers/UserController.js
FN:7,(anonymous_0)
FNF:1
FNH:1
FNDA:3,(anonymous_0)
DA:3,3
DA:4,3
DA:8,3
DA:12,3
LF:4
LH:4
BRF:0
BRH:0
end_of_record
TN:
SF:src/api/modules/users/models/Profile.model.js
FNF:0
FNH:0
DA:3,7
DA:4,7
DA:5,7
DA:7,7
DA:32,7
LF:5
LH:5
BRF:0
BRH:0
end_of_record
TN:
SF:src/api/modules/users/models/Resource.model.js
FNF:0
FNH:0
DA:3,2
DA:4,2
DA:5,2
DA:7,2
DA:26,2
LF:5
LH:5
BRF:0
BRH:0
end_of_record
TN:
SF:src/api/modules/users/models/User.model.js
FN:76,(anonymous_0)
FN:82,(anonymous_1)
FN:89,getHash
FN:94,(anonymous_3)
FN:98,(anonymous_4)
FNF:5
FNH:5
FNDA:6,(anonymous_0)
FNDA:8,(anonymous_1)
FNDA:9,getHash
FNDA:9,(anonymous_3)
FNDA:4,(anonymous_4)
DA:3,7
DA:4,7
DA:5,7
DA:6,7
DA:7,7
DA:9,7
DA:26,7
DA:75,7
DA:76,7
DA:77,6
DA:78,6
DA:82,7
DA:83,8
DA:84,4
DA:90,9
DA:91,9
DA:94,7
DA:95,9
DA:98,7
DA:99,4
DA:100,4
DA:103,7
LF:22
LH:22
BRDA:75,0,0,7
BRDA:75,0,1,0
BRDA:75,1,0,7
BRDA:75,1,1,0
BRDA:77,2,0,6
BRDA:77,2,1,0
BRDA:83,3,0,4
BRDA:83,3,1,4
BRF:8
BRH:5
end_of_record
TN:
SF:src/commons/Base.js
FN:11,(anonymous_0)
FN:24,(anonymous_1)
FN:25,(anonymous_2)
FN:26,(anonymous_3)
FN:27,(anonymous_4)
FN:31,(anonymous_5)
FN:39,(anonymous_6)
FN:42,(anonymous_7)
FN:56,(anonymous_8)
FNF:9
FNH:7
FNDA:29,(anonymous_0)
FNDA:10,(anonymous_1)
FNDA:44,(anonymous_2)
FNDA:0,(anonymous_3)
FNDA:0,(anonymous_4)
FNDA:54,(anonymous_5)
FNDA:54,(anonymous_6)
FNDA:79,(anonymous_7)
FNDA:18,(anonymous_8)
DA:3,8
DA:4,8
DA:5,8
DA:6,8
DA:7,8
DA:8,8
DA:12,29
DA:13,29
DA:14,29
DA:15,29
DA:21,29
DA:23,29
DA:24,10
DA:25,44
DA:26,0
DA:27,0
DA:33,54
DA:34,54
DA:36,54
DA:40,54
DA:41,54
DA:42,54
DA:43,79
DA:44,43
DA:45,18
DA:47,43
DA:48,43
DA:50,36
DA:53,54
DA:57,18
DA:68,18
DA:72,8
LF:32
LH:30
BRDA:16,0,0,29
BRDA:16,0,1,0
BRDA:33,1,0,54
BRDA:33,1,1,0
BRDA:33,2,0,54
BRDA:33,2,1,54
BRDA:43,3,0,43
BRDA:43,3,1,36
BRDA:44,4,0,18
BRDA:44,4,1,25
BRF:10
BRH:8
end_of_record
TN:
SF:src/commons/BaseController.js
FN:7,(anonymous_0)
FN:13,(anonymous_1)
FN:50,(anonymous_2)
FN:60,(anonymous_3)
FN:78,(anonymous_4)
FNF:5
FNH:5
FNDA:7,(anonymous_0)
FNDA:10,(anonymous_1)
FNDA:3,(anonymous_2)
FNDA:6,(anonymous_3)
FNDA:6,(anonymous_4)
DA:3,3
DA:4,3
DA:8,7
DA:9,7
DA:10,7
DA:14,10
DA:16,10
DA:17,4
DA:18,4
DA:23,6
DA:25,6
DA:26,4
DA:27,4
DA:28,4
DA:29,4
DA:30,4
DA:32,4
DA:33,4
DA:35,4
DA:40,2
DA:42,2
DA:51,3
DA:52,3
DA:53,3
DA:54,2
DA:61,6
DA:62,4
DA:63,4
DA:65,4
DA:66,2
DA:71,2
DA:74,2
DA:79,6
DA:81,6
DA:82,4
DA:84,4
DA:85,2
DA:87,2
DA:90,2
DA:95,3
LF:40
LH:40
BRDA:14,0,0,10
BRDA:14,0,1,0
BRDA:16,1,0,4
BRDA:16,1,1,6
BRDA:19,2,0,4
BRDA:19,2,1,2
BRDA:20,3,0,2
BRDA:20,3,1,2
BRDA:23,4,0,6
BRDA:23,4,1,2
BRDA:23,4,2,2
BRDA:23,4,3,2
BRDA:23,4,4,2
BRDA:25,5,0,4
BRDA:25,5,1,2
BRDA:33,6,0,4
BRDA:33,6,1,2
BRDA:37,7,0,2
BRDA:37,7,1,2
BRDA:44,8,0,1
BRDA:44,8,1,1
BRDA:61,9,0,4
BRDA:61,9,1,2
BRDA:65,10,0,2
BRDA:65,10,1,2
BRDA:79,11,0,4
BRDA:79,11,1,2
BRDA:81,12,0,4
BRDA:81,12,1,2
BRDA:81,13,0,6
BRDA:81,13,1,6
BRDA:84,14,0,2
BRDA:84,14,1,2
BRDA:84,15,0,4
BRDA:84,15,1,4
BRF:35
BRH:34
end_of_record
TN:
SF:src/commons/Controller.js
FN:8,(anonymous_0)
FNF:1
FNH:1
FNDA:22,(anonymous_0)
DA:3,7
DA:4,7
DA:5,7
DA:9,22
DA:10,22
DA:11,22
DA:15,7
LF:7
LH:7
BRDA:8,0,0,22
BRF:1
BRH:1
end_of_record
TN:
SF:src/commons/HttpController.js
FN:11,(anonymous_0)
FN:17,(anonymous_1)
FN:26,(anonymous_2)
FN:48,(anonymous_3)
FN:52,(anonymous_4)
FN:81,(anonymous_5)
FN:103,(anonymous_6)
FN:113,(anonymous_7)
FN:123,(anonymous_8)
FNF:9
FNH:8
FNDA:19,(anonymous_0)
FNDA:22,(anonymous_1)
FNDA:22,(anonymous_2)
FNDA:12,(anonymous_3)
FNDA:0,(anonymous_4)
FNDA:4,(anonymous_5)
FNDA:4,(anonymous_6)
FNDA:4,(anonymous_7)
FNDA:1,(anonymous_8)
DA:3,6
DA:4,6
DA:5,6
DA:7,6
DA:8,6
DA:12,19
DA:13,19
DA:14,19
DA:18,22
DA:19,22
DA:20,22
DA:21,23
DA:23,22
DA:27,22
DA:28,22
DA:29,22
DA:30,22
DA:32,22
DA:33,22
DA:34,22
DA:36,22
DA:38,22
DA:39,22
DA:49,12
DA:53,0
DA:54,0
DA:55,0
DA:57,0
DA:59,0
DA:61,0
DA:63,0
DA:65,0
DA:67,0
DA:69,0
DA:82,4
DA:83,4
DA:85,4
DA:87,4
DA:88,4
DA:89,4
DA:91,4
DA:92,0
DA:93,0
DA:94,0
DA:100,4
DA:104,4
DA:105,4
DA:106,0
DA:107,0
DA:110,4
DA:114,4
DA:115,4
DA:116,4
DA:117,4
DA:118,4
DA:120,4
DA:124,1
DA:125,1
DA:131,1
DA:132,1
DA:136,6
LF:61
LH:46
BRDA:3,0,0,6
BRDA:3,0,1,6
BRDA:17,1,0,16
BRDA:18,2,0,2
BRDA:18,2,1,20
BRDA:26,3,0,0
BRDA:26,4,0,0
BRDA:26,5,0,0
BRDA:27,6,0,22
BRDA:27,6,1,0
BRDA:28,7,0,1
BRDA:28,7,1,21
BRDA:28,8,0,22
BRDA:28,8,1,21
BRDA:29,9,0,20
BRDA:29,9,1,2
BRDA:29,10,0,22
BRDA:29,10,1,20
BRDA:32,11,0,0
BRDA:32,11,1,22
BRDA:36,12,0,20
BRDA:36,12,1,2
BRDA:38,13,0,22
BRDA:38,13,1,0
BRDA:48,14,0,0
BRDA:53,15,0,0
BRDA:53,15,1,0
BRDA:57,16,0,0
BRDA:57,16,1,0
BRDA:57,16,2,0
BRDA:57,16,3,0
BRDA:57,16,4,0
BRDA:57,16,5,0
BRDA:59,17,0,0
BRDA:59,17,1,0
BRDA:65,18,0,0
BRDA:65,18,1,0
BRDA:82,19,0,4
BRDA:82,19,1,4
BRDA:82,19,2,4
BRDA:85,20,0,0
BRDA:85,20,1,4
BRDA:85,21,0,4
BRDA:85,21,1,0
BRDA:87,22,0,4
BRDA:87,22,1,0
BRDA:87,23,0,4
BRDA:87,23,1,4
BRDA:91,24,0,0
BRDA:91,24,1,4
BRDA:93,25,0,0
BRDA:93,25,1,0
BRDA:104,26,0,4
BRDA:104,26,1,4
BRDA:104,26,2,4
BRDA:105,27,0,0
BRDA:105,27,1,4
BRDA:105,28,0,4
BRDA:105,28,1,4
BRDA:105,28,2,0
BRDA:114,29,0,4
BRDA:114,29,1,4
BRDA:114,30,0,4
BRDA:114,30,1,4
BRDA:115,31,0,4
BRDA:115,31,1,0
BRDA:115,31,2,0
BRDA:116,32,0,4
BRDA:116,32,1,0
BRF:69
BRH:39
end_of_record
TN:
SF:src/commons/HttpError.js
FN:6,(anonymous_0)
FNF:1
FNH:1
FNDA:9,(anonymous_0)
DA:3,4
DA:7,9
DA:8,9
DA:9,9
DA:10,9
DA:14,4
LF:6
LH:6
BRDA:6,0,0,4
BRDA:6,1,0,9
BRF:2
BRH:2
end_of_record
TN:
SF:src/commons/MongoController.js
FN:7,(anonymous_0)
FN:20,(anonymous_1)
FN:37,(anonymous_2)
FN:38,(anonymous_3)
FN:40,(anonymous_4)
FN:41,(anonymous_5)
FN:42,(anonymous_6)
FN:46,(anonymous_7)
FN:56,(anonymous_8)
FN:57,(anonymous_9)
FN:63,(anonymous_10)
FN:77,(anonymous_11)
FN:78,(anonymous_12)
FN:91,(anonymous_13)
FNF:14
FNH:7
FNDA:3,(anonymous_0)
FNDA:7,(anonymous_1)
FNDA:4,(anonymous_2)
FNDA:2,(anonymous_3)
FNDA:0,(anonymous_4)
FNDA:0,(anonymous_5)
FNDA:0,(anonymous_6)
FNDA:1,(anonymous_7)
FNDA:0,(anonymous_8)
FNDA:0,(anonymous_9)
FNDA:4,(anonymous_10)
FNDA:0,(anonymous_11)
FNDA:0,(anonymous_12)
FNDA:2,(anonymous_13)
DA:3,3
DA:4,3
DA:8,3
DA:9,3
DA:10,3
DA:11,3
DA:12,3
DA:13,3
DA:14,3
DA:15,3
DA:16,3
DA:17,3
DA:21,7
DA:23,7
DA:24,1
DA:27,6
DA:28,3
DA:30,6
DA:31,3
DA:33,3
DA:38,4
DA:39,2
DA:40,2
DA:41,2
DA:42,2
DA:47,1
DA:48,1
DA:49,1
DA:50,1
DA:51,1
DA:52,1
DA:53,1
DA:57,0
DA:58,0
DA:59,0
DA:64,4
DA:66,4
DA:67,4
DA:68,4
DA:69,1
DA:71,3
DA:74,4
DA:75,4
DA:77,4
DA:78,0
DA:79,0
DA:83,4
DA:92,2
DA:96,3
LF:49
LH:44
BRDA:17,0,0,0
BRDA:17,0,1,3
BRDA:23,1,0,1
BRDA:23,1,1,6
BRDA:23,2,0,7
BRDA:23,2,1,7
BRDA:27,3,0,3
BRDA:27,3,1,3
BRDA:30,4,0,3
BRDA:30,4,1,3
BRDA:68,5,0,1
BRDA:68,5,1,3
BRF:12
BRH:11
end_of_record
TN:
SF:src/commons/Routes.js
FN:7,(anonymous_0)
FN:14,(anonymous_1)
FN:30,(anonymous_2)
FN:64,(anonymous_3)
FN:74,(anonymous_4)
FN:82,(anonymous_5)
FN:87,(anonymous_6)
FNF:7
FNH:7
FNDA:3,(anonymous_0)
FNDA:13,(anonymous_1)
FNDA:17,(anonymous_2)
FNDA:3,(anonymous_3)
FNDA:6,(anonymous_4)
FNDA:3,(anonymous_5)
FNDA:4,(anonymous_6)
DA:3,3
DA:4,3
DA:8,3
DA:9,3
DA:10,3
DA:11,3
DA:15,13
DA:16,13
DA:17,13
DA:19,13
DA:20,52
DA:21,52
DA:23,52
DA:24,37
DA:25,13
DA:26,9
DA:30,37
DA:31,17
DA:33,17
DA:34,17
DA:35,17
DA:37,17
DA:38,15
DA:39,11
DA:40,10
DA:41,10
DA:43,10
DA:45,2
DA:54,5
DA:55,5
DA:61,13
DA:65,3
DA:66,2
DA:67,2
DA:68,2
DA:69,2
DA:71,1
DA:75,6
DA:76,1
DA:77,1
DA:79,6
DA:83,3
DA:84,3
DA:86,3
DA:87,3
DA:88,4
DA:89,4
DA:93,3
DA:97,3
LF:49
LH:49
BRDA:10,0,0,3
BRDA:10,0,1,0
BRDA:11,1,0,3
BRDA:11,1,1,0
BRDA:17,2,0,13
BRDA:17,2,1,10
BRDA:20,3,0,52
BRDA:20,3,1,52
BRDA:21,4,0,52
BRDA:21,4,1,52
BRDA:23,5,0,37
BRDA:23,5,1,15
BRDA:23,6,0,52
BRDA:23,6,1,37
BRDA:24,7,0,13
BRDA:24,7,1,24
BRDA:24,8,0,37
BRDA:24,8,1,20
BRDA:24,8,2,19
BRDA:25,9,0,9
BRDA:25,9,1,4
BRDA:30,10,0,37
BRDA:30,10,1,23
BRDA:31,11,0,17
BRDA:31,11,1,17
BRDA:37,12,0,15
BRDA:37,12,1,2
BRDA:39,13,0,10
BRDA:39,13,1,0
BRDA:40,14,0,10
BRDA:40,14,1,6
BRDA:41,15,0,10
BRDA:41,15,1,4
BRDA:65,16,0,2
BRDA:65,16,1,1
BRDA:65,17,0,3
BRDA:65,17,1,3
BRDA:74,18,0,1
BRDA:75,19,0,1
BRDA:75,19,1,5
BRDA:82,20,0,1
BRDA:83,21,0,3
BRDA:83,21,1,0
BRDA:86,22,0,3
BRDA:86,22,1,0
BRF:45
BRH:40
end_of_record
TN:
SF:src/commons/constants/HttpStatusCode.js
FNF:0
FNH:0
DA:3,11
LF:1
LH:1
BRF:0
BRH:0
end_of_record
TN:
SF:src/commons/constants/LogLevels.js
FNF:0
FNH:0
DA:3,8
LF:1
LH:1
BRF:0
BRH:0
end_of_record
TN:
SF:src/commons/constants/Messages.js
FNF:0
FNH:0
DA:3,11
LF:1
LH:1
BRF:0
BRH:0
end_of_record
TN:
SF:src/commons/middlewares/AclMiddleware.js
FN:6,(anonymous_0)
FN:11,(anonymous_1)
FN:33,(anonymous_2)
FN:41,(anonymous_3)
FNF:4
FNH:4
FNDA:2,(anonymous_0)
FNDA:6,(anonymous_1)
FNDA:17,(anonymous_2)
FNDA:3,(anonymous_3)
DA:3,2
DA:7,2
DA:8,2
DA:12,6
DA:21,6
DA:22,6
DA:23,6
DA:24,6
DA:25,6
DA:27,6
DA:28,0
DA:30,6
DA:34,17
DA:35,6
DA:37,11
DA:42,3
DA:46,2
LF:17
LH:16
BRDA:25,0,0,6
BRDA:25,0,1,6
BRDA:25,0,2,6
BRDA:27,1,0,0
BRDA:27,1,1,6
BRDA:27,2,0,6
BRDA:27,2,1,6
BRDA:34,3,0,6
BRDA:34,3,1,11
BRDA:34,4,0,17
BRDA:34,4,1,6
BRDA:34,5,0,6
BRDA:34,5,1,0
BRF:13
BRH:11
end_of_record
TN:
SF:src/commons/middlewares/JwtMiddleware.js
FN:8,(anonymous_0)
FN:18,(anonymous_1)
FN:32,(anonymous_2)
FN:38,(anonymous_3)
FN:44,(anonymous_4)
FN:54,(anonymous_5)
FN:71,(anonymous_6)
FN:79,(anonymous_7)
FNF:8
FNH:8
FNDA:3,(anonymous_0)
FNDA:3,(anonymous_1)
FNDA:1,(anonymous_2)
FNDA:11,(anonymous_3)
FNDA:19,(anonymous_4)
FNDA:11,(anonymous_5)
FNDA:19,(anonymous_6)
FNDA:3,(anonymous_7)
DA:3,3
DA:4,3
DA:5,3
DA:9,3
DA:10,3
DA:11,3
DA:12,3
DA:13,3
DA:14,3
DA:15,3
DA:19,3
DA:20,9
DA:22,9
DA:23,9
DA:24,9
DA:25,6
DA:27,9
DA:33,1
DA:34,1
DA:39,11
DA:40,11
DA:41,11
DA:45,19
DA:46,19
DA:47,55
DA:48,11
DA:51,8
DA:55,11
DA:56,11
DA:57,11
DA:58,8
DA:60,8
DA:61,1
DA:64,7
DA:65,7
DA:67,4
DA:72,19
DA:73,11
DA:75,8
DA:80,3
DA:84,3
LF:41
LH:41
BRDA:13,0,0,3
BRDA:13,0,1,0
BRDA:22,1,0,9
BRDA:22,1,1,0
BRDA:24,2,0,6
BRDA:24,2,1,3
BRDA:33,3,0,1
BRDA:33,3,1,0
BRDA:33,4,0,1
BRDA:33,4,1,0
BRDA:40,5,0,8
BRDA:40,5,1,3
BRDA:47,6,0,11
BRDA:47,6,1,44
BRDA:47,7,0,55
BRDA:47,7,1,18
BRDA:47,7,2,18
BRDA:60,8,0,1
BRDA:60,8,1,7
BRDA:72,9,0,11
BRDA:72,9,1,8
BRF:21
BRH:17
end_of_record
TN:
SF:src/commons/utils/DataUtils.js
FN:9,(anonymous_0)
FN:30,(anonymous_1)
FN:48,(anonymous_2)
FN:62,(anonymous_3)
FN:84,(anonymous_4)
FN:89,(anonymous_5)
FNF:6
FNH:6
FNDA:9,(anonymous_0)
FNDA:34,(anonymous_1)
FNDA:1,(anonymous_2)
FNDA:49,(anonymous_3)
FNDA:7,(anonymous_4)
FNDA:91,(anonymous_5)
DA:3,8
DA:4,8
DA:5,8
DA:6,8
DA:10,9
DA:21,9
DA:22,43
DA:23,8
DA:27,1
DA:31,34
DA:33,2
DA:34,2
DA:35,1
DA:37,1
DA:40,8
DA:42,6
DA:45,18
DA:49,1
DA:50,1
DA:51,1
DA:53,1
DA:54,7
DA:59,1
DA:63,49
DA:64,49
DA:67,49
DA:68,42
DA:69,42
DA:70,42
DA:71,6
DA:73,42
DA:74,36
DA:77,7
DA:78,0
DA:81,49
DA:85,7
DA:86,7
DA:88,7
DA:89,7
DA:90,91
DA:93,91
DA:94,49
DA:96,42
DA:97,42
DA:98,30
DA:99,30
DA:101,0
DA:108,7
DA:112,8
LF:49
LH:47
BRDA:4,0,0,8
BRDA:4,0,1,8
BRDA:22,1,0,8
BRDA:22,1,1,35
BRDA:31,2,0,2
BRDA:31,2,1,8
BRDA:31,2,2,6
BRDA:34,3,0,1
BRDA:34,3,1,1
BRDA:40,4,0,1
BRDA:40,4,1,7
BRDA:49,5,0,1
BRDA:49,5,1,0
BRDA:56,6,0,5
BRDA:56,6,1,2
BRDA:67,7,0,42
BRDA:67,7,1,7
BRDA:67,8,0,49
BRDA:67,8,1,42
BRDA:70,9,0,6
BRDA:70,9,1,36
BRDA:73,10,0,36
BRDA:73,10,1,6
BRDA:77,11,0,0
BRDA:77,11,1,7
BRDA:88,12,0,7
BRDA:88,12,1,0
BRDA:90,13,0,91
BRDA:90,13,1,0
BRDA:93,14,0,49
BRDA:93,14,1,42
BRDA:97,15,0,30
BRDA:97,15,1,12
BRDA:97,16,0,42
BRDA:97,16,1,42
BRDA:97,16,2,30
BRDA:98,17,0,30
BRDA:98,17,1,0
BRDA:98,18,0,30
BRDA:98,18,1,30
BRF:40
BRH:35
end_of_record
TN:
SF:src/commons/utils/ValidatorUtils.js
FN:6,(anonymous_0)
FN:69,(anonymous_1)
FN:79,(anonymous_2)
FN:91,(anonymous_3)
FN:105,(anonymous_4)
FN:135,(anonymous_5)
FN:139,(anonymous_6)
FNF:7
FNH:7
FNDA:9,(anonymous_0)
FNDA:103,(anonymous_1)
FNDA:103,(anonymous_2)
FNDA:163,(anonymous_3)
FNDA:11,(anonymous_4)
FNDA:2,(anonymous_5)
FNDA:3,(anonymous_6)
DA:3,9
DA:7,9
DA:21,9
DA:70,103
DA:72,103
DA:73,7
DA:76,103
DA:80,103
DA:81,103
DA:82,285
DA:83,285
DA:84,182
DA:85,103
DA:86,103
DA:88,103
DA:89,103
DA:91,163
DA:93,79
DA:94,7
DA:96,72
DA:102,103
DA:106,11
DA:107,11
DA:108,11
DA:109,11
DA:110,61
DA:111,61
DA:112,61
DA:113,61
DA:114,14
DA:116,14
DA:117,7
DA:118,56
DA:119,49
DA:123,7
DA:126,47
DA:132,11
DA:136,2
DA:140,3
DA:141,2
DA:142,2
DA:144,1
DA:148,9
LF:43
LH:43
BRDA:70,0,0,103
BRDA:70,0,1,89
BRDA:72,1,0,7
BRDA:72,1,1,96
BRDA:72,2,0,103
BRDA:72,2,1,18
BRDA:82,3,0,285
BRDA:82,3,1,0
BRDA:83,4,0,182
BRDA:83,4,1,103
BRDA:83,5,0,285
BRDA:83,5,1,110
BRDA:84,6,0,103
BRDA:84,6,1,79
BRDA:86,7,0,7
BRDA:86,7,1,96
BRDA:88,8,0,103
BRDA:88,8,1,0
BRDA:93,9,0,7
BRDA:93,9,1,72
BRDA:107,10,0,11
BRDA:107,10,1,0
BRDA:107,11,0,11
BRDA:107,11,1,11
BRDA:110,12,0,61
BRDA:110,12,1,0
BRDA:113,13,0,14
BRDA:113,13,1,47
BRDA:113,14,0,61
BRDA:113,14,1,14
BRDA:116,15,0,7
BRDA:116,15,1,7
BRDA:118,16,0,49
BRDA:118,16,1,7
BRDA:118,17,0,56
BRDA:118,17,1,56
BRDA:136,18,0,2
BRDA:136,18,1,2
BRDA:136,18,2,1
BRDA:140,19,0,2
BRDA:140,19,1,1
BRDA:142,20,0,2
BRDA:142,20,1,1
BRF:43
BRH:39
end_of_record
