TN:
SF:src/App.js
FN:21,(anonymous_0)
FN:28,(anonymous_1)
FN:37,(anonymous_2)
FN:54,(anonymous_3)
FN:56,(anonymous_4)
FN:57,(anonymous_5)
FN:63,(anonymous_6)
FN:66,(anonymous_7)
FN:76,(anonymous_8)
FN:82,(anonymous_9)
FN:86,(anonymous_10)
FN:91,(anonymous_11)
FNF:12
FNH:11
FNDA:3,(anonymous_0)
FNDA:5,(anonymous_1)
FNDA:27,(anonymous_2)
FNDA:3,(anonymous_3)
FNDA:3,(anonymous_4)
FNDA:15,(anonymous_5)
FNDA:4,(anonymous_6)
FNDA:0,(anonymous_7)
FNDA:1,(anonymous_8)
FNDA:3,(anonymous_9)
FNDA:2,(anonymous_10)
FNDA:4,(anonymous_11)
DA:3,3
DA:4,3
DA:5,3
DA:6,3
DA:7,3
DA:8,3
DA:9,3
DA:11,3
DA:12,3
DA:13,3
DA:14,3
DA:15,3
DA:16,3
DA:17,3
DA:18,3
DA:22,3
DA:23,3
DA:24,3
DA:29,5
DA:33,5
DA:34,0
DA:37,5
DA:38,27
DA:39,27
DA:40,27
DA:43,5
DA:44,5
DA:45,5
DA:46,5
DA:48,5
DA:49,4
DA:50,4
DA:55,3
DA:56,3
DA:57,3
DA:58,15
DA:64,4
DA:65,4
DA:66,4
DA:67,0
DA:76,4
DA:77,1
DA:78,1
DA:83,3
DA:84,3
DA:86,3
DA:87,2
DA:92,4
DA:93,4
DA:94,4
DA:95,3
DA:96,3
DA:97,3
DA:98,3
DA:102,3
LF:55
LH:53
BRDA:23,0,0,3
BRDA:23,0,1,0
BRDA:23,1,0,3
BRDA:23,1,1,0
BRDA:30,2,0,2
BRDA:30,2,1,3
BRDA:33,3,0,0
BRDA:33,3,1,5
BRDA:48,4,0,4
BRDA:48,4,1,1
BRDA:65,5,0,4
BRDA:65,5,1,0
BRF:12
BRH:8
end_of_record
TN:
SF:src/api/modules/users/controllers/AuthController.js
FN:11,(anonymous_0)
FN:20,(anonymous_1)
FNF:2
FNH:2
FNDA:4,(anonymous_0)
FNDA:5,(anonymous_1)
DA:3,4
DA:4,4
DA:5,4
DA:6,4
DA:7,4
DA:8,4
DA:12,4
DA:13,4
DA:14,4
DA:15,4
DA:16,4
DA:17,4
DA:21,5
DA:22,5
DA:23,5
DA:25,5
DA:26,5
DA:29,5
DA:31,5
DA:32,1
DA:35,4
DA:37,4
DA:38,3
DA:39,3
DA:40,3
DA:41,3
DA:43,3
DA:45,3
DA:46,3
DA:47,2
DA:48,2
DA:50,3
DA:53,3
DA:54,3
DA:55,3
DA:57,3
DA:59,3
DA:60,3
DA:62,1
DA:67,4
LF:40
LH:40
BRDA:22,0,0,5
BRDA:22,0,1,0
BRDA:25,1,0,5
BRDA:25,1,1,0
BRDA:31,2,0,1
BRDA:31,2,1,4
BRDA:37,3,0,3
BRDA:37,3,1,1
BRDA:45,4,0,3
BRDA:45,4,1,0
BRDA:45,5,0,3
BRDA:45,5,1,3
BRDA:45,5,2,0
BRDA:57,6,0,2
BRDA:57,6,1,1
BRF:15
BRH:11
end_of_record
TN:
SF:src/api/modules/users/controllers/ProfileController.js
FN:8,(anonymous_0)
FN:14,(anonymous_1)
FNF:2
FNH:2
FNDA:3,(anonymous_0)
FNDA:3,(anonymous_1)
DA:3,3
DA:4,3
DA:5,3
DA:9,3
DA:10,3
DA:11,3
DA:15,3
DA:16,3
DA:17,2
DA:18,2
DA:19,2
DA:20,1
DA:22,1
DA:23,1
DA:24,1
DA:27,1
DA:29,1
DA:34,1
DA:39,3
LF:19
LH:19
BRDA:16,0,0,2
BRDA:16,0,1,1
BRDA:19,1,0,1
BRDA:19,1,1,1
BRF:4
BRH:4
end_of_record
TN:
SF:src/api/modules/users/controllers/ResourceController.js
FN:7,(anonymous_0)
FNF:1
FNH:1
FNDA:3,(anonymous_0)
DA:3,3
DA:4,3
DA:8,3
DA:12,3
LF:4
LH:4
BRF:0
BRH:0
end_of_record
TN:
SF:src/api/modules/users/controllers/UserController.js
FN:7,(anonymous_0)
FNF:1
FNH:1
FNDA:4,(anonymous_0)
DA:3,4
DA:4,4
DA:8,4
DA:12,4
LF:4
LH:4
BRF:0
BRH:0
end_of_record
TN:
SF:src/api/modules/users/models/Profile.model.js
FNF:0
FNH:0
DA:3,8
DA:4,8
DA:5,8
DA:7,8
DA:32,8
LF:5
LH:5
BRF:0
BRH:0
end_of_record
TN:
SF:src/api/modules/users/models/Resource.model.js
FNF:0
FNH:0
DA:3,3
DA:4,3
DA:5,3
DA:7,3
DA:26,3
LF:5
LH:5
BRF:0
BRH:0
end_of_record
TN:
SF:src/api/modules/users/models/User.model.js
FN:60,(anonymous_0)
FN:66,(anonymous_1)
FN:73,getHash
FN:78,(anonymous_3)
FN:82,(anonymous_4)
FNF:5
FNH:5
FNDA:9,(anonymous_0)
FNDA:9,(anonymous_1)
FNDA:10,getHash
FNDA:10,(anonymous_3)
FNDA:5,(anonymous_4)
DA:3,8
DA:4,8
DA:5,8
DA:6,8
DA:7,8
DA:9,8
DA:59,8
DA:60,8
DA:61,9
DA:62,9
DA:66,8
DA:67,9
DA:68,4
DA:74,10
DA:75,10
DA:78,8
DA:79,10
DA:82,8
DA:83,5
DA:84,5
DA:87,8
LF:21
LH:21
BRDA:59,0,0,8
BRDA:59,0,1,0
BRDA:59,1,0,8
BRDA:59,1,1,0
BRDA:61,2,0,9
BRDA:61,2,1,0
BRDA:67,3,0,4
BRDA:67,3,1,5
BRF:8
BRH:5
end_of_record
TN:
SF:src/commons/Base.js
FN:11,(anonymous_0)
FN:24,(anonymous_1)
FN:25,(anonymous_2)
FN:26,(anonymous_3)
FN:27,(anonymous_4)
FN:31,(anonymous_5)
FN:39,(anonymous_6)
FN:42,(anonymous_7)
FN:56,(anonymous_8)
FNF:9
FNH:7
FNDA:40,(anonymous_0)
FNDA:72,(anonymous_1)
FNDA:5,(anonymous_2)
FNDA:0,(anonymous_3)
FNDA:0,(anonymous_4)
FNDA:77,(anonymous_5)
FNDA:77,(anonymous_6)
FNDA:112,(anonymous_7)
FNDA:27,(anonymous_8)
DA:3,9
DA:4,9
DA:5,9
DA:6,9
DA:7,9
DA:8,9
DA:12,40
DA:13,40
DA:14,40
DA:15,40
DA:21,40
DA:23,40
DA:24,72
DA:25,5
DA:26,0
DA:27,0
DA:33,77
DA:34,77
DA:36,77
DA:40,77
DA:41,77
DA:42,77
DA:43,112
DA:44,62
DA:45,27
DA:47,62
DA:48,62
DA:50,50
DA:53,77
DA:57,27
DA:68,27
DA:72,9
LF:32
LH:30
BRDA:16,0,0,40
BRDA:16,0,1,0
BRDA:33,1,0,77
BRDA:33,1,1,0
BRDA:33,2,0,77
BRDA:33,2,1,77
BRDA:43,3,0,62
BRDA:43,3,1,50
BRDA:44,4,0,27
BRDA:44,4,1,35
BRDA:65,5,0,0
BRDA:65,5,1,27
BRDA:66,6,0,0
BRDA:66,6,1,27
BRF:14
BRH:10
end_of_record
TN:
SF:src/commons/BaseController.js
FN:7,(anonymous_0)
FN:13,(anonymous_1)
FN:50,(anonymous_2)
FN:60,(anonymous_3)
FN:78,(anonymous_4)
FNF:5
FNH:5
FNDA:10,(anonymous_0)
FNDA:13,(anonymous_1)
FNDA:4,(anonymous_2)
FNDA:6,(anonymous_3)
FNDA:7,(anonymous_4)
DA:3,4
DA:4,4
DA:8,10
DA:9,10
DA:10,10
DA:14,13
DA:16,13
DA:17,4
DA:18,4
DA:23,9
DA:25,9
DA:26,7
DA:27,7
DA:28,7
DA:29,7
DA:30,7
DA:32,7
DA:33,7
DA:35,7
DA:40,2
DA:42,2
DA:51,4
DA:52,4
DA:53,4
DA:54,3
DA:61,6
DA:62,4
DA:63,4
DA:65,4
DA:66,2
DA:71,2
DA:74,2
DA:79,7
DA:81,7
DA:82,5
DA:84,5
DA:85,3
DA:87,2
DA:90,2
DA:95,4
LF:40
LH:40
BRDA:14,0,0,13
BRDA:14,0,1,0
BRDA:16,1,0,4
BRDA:16,1,1,9
BRDA:19,2,0,4
BRDA:19,2,1,2
BRDA:20,3,0,2
BRDA:20,3,1,2
BRDA:23,4,0,9
BRDA:23,4,1,4
BRDA:23,4,2,4
BRDA:23,4,3,2
BRDA:23,4,4,2
BRDA:25,5,0,7
BRDA:25,5,1,2
BRDA:33,6,0,7
BRDA:33,6,1,2
BRDA:37,7,0,5
BRDA:37,7,1,2
BRDA:44,8,0,1
BRDA:44,8,1,1
BRDA:61,9,0,4
BRDA:61,9,1,2
BRDA:65,10,0,2
BRDA:65,10,1,2
BRDA:79,11,0,5
BRDA:79,11,1,2
BRDA:81,12,0,5
BRDA:81,12,1,2
BRDA:81,13,0,7
BRDA:81,13,1,7
BRDA:84,14,0,3
BRDA:84,14,1,2
BRDA:84,15,0,5
BRDA:84,15,1,5
BRF:35
BRH:34
end_of_record
TN:
SF:src/commons/Controller.js
FN:8,(anonymous_0)
FNF:1
FNH:1
FNDA:30,(anonymous_0)
DA:3,8
DA:4,8
DA:5,8
DA:9,30
DA:10,30
DA:11,30
DA:15,8
LF:7
LH:7
BRDA:8,0,0,30
BRF:1
BRH:1
end_of_record
TN:
SF:src/commons/HttpController.js
FN:11,(anonymous_0)
FN:17,(anonymous_1)
FN:26,(anonymous_2)
FN:48,(anonymous_3)
FN:52,(anonymous_4)
FN:81,(anonymous_5)
FN:101,(anonymous_6)
FN:111,(anonymous_7)
FN:121,(anonymous_8)
FNF:9
FNH:9
FNDA:26,(anonymous_0)
FNDA:31,(anonymous_1)
FNDA:31,(anonymous_2)
FNDA:14,(anonymous_3)
FNDA:3,(anonymous_4)
FNDA:7,(anonymous_5)
FNDA:7,(anonymous_6)
FNDA:7,(anonymous_7)
FNDA:1,(anonymous_8)
DA:3,7
DA:4,7
DA:5,7
DA:7,7
DA:8,7
DA:12,26
DA:13,26
DA:14,26
DA:18,31
DA:19,31
DA:20,31
DA:21,32
DA:23,31
DA:27,31
DA:28,31
DA:29,31
DA:30,31
DA:32,31
DA:33,31
DA:34,31
DA:36,31
DA:38,31
DA:39,31
DA:49,14
DA:53,3
DA:54,3
DA:55,3
DA:57,3
DA:59,1
DA:61,0
DA:63,0
DA:65,1
DA:67,0
DA:69,1
DA:82,7
DA:83,7
DA:85,7
DA:87,2
DA:88,4
DA:90,4
DA:91,3
DA:92,3
DA:93,3
DA:98,2
DA:102,7
DA:103,7
DA:104,1
DA:105,1
DA:108,7
DA:112,7
DA:113,7
DA:114,7
DA:115,7
DA:116,7
DA:118,7
DA:122,1
DA:123,1
DA:129,1
DA:130,1
DA:134,7
LF:60
LH:57
BRDA:3,0,0,7
BRDA:3,0,1,7
BRDA:17,1,0,25
BRDA:18,2,0,2
BRDA:18,2,1,29
BRDA:26,3,0,0
BRDA:26,4,0,0
BRDA:26,5,0,0
BRDA:27,6,0,31
BRDA:27,6,1,0
BRDA:28,7,0,1
BRDA:28,7,1,30
BRDA:28,8,0,31
BRDA:28,8,1,30
BRDA:29,9,0,29
BRDA:29,9,1,2
BRDA:29,10,0,31
BRDA:29,10,1,29
BRDA:32,11,0,0
BRDA:32,11,1,31
BRDA:36,12,0,29
BRDA:36,12,1,2
BRDA:38,13,0,31
BRDA:38,13,1,0
BRDA:43,14,0,0
BRDA:43,14,1,31
BRDA:48,15,0,0
BRDA:53,16,0,0
BRDA:53,16,1,3
BRDA:57,17,0,1
BRDA:57,17,1,0
BRDA:57,17,2,0
BRDA:57,17,3,1
BRDA:57,17,4,0
BRDA:57,17,5,1
BRDA:59,18,0,1
BRDA:59,18,1,0
BRDA:65,19,0,1
BRDA:65,19,1,0
BRDA:82,20,0,7
BRDA:82,20,1,5
BRDA:82,20,2,5
BRDA:85,21,0,5
BRDA:85,21,1,2
BRDA:85,22,0,7
BRDA:85,22,1,6
BRDA:90,23,0,3
BRDA:90,23,1,1
BRDA:92,24,0,3
BRDA:92,24,1,0
BRDA:102,25,0,7
BRDA:102,25,1,6
BRDA:102,25,2,6
BRDA:103,26,0,1
BRDA:103,26,1,6
BRDA:103,27,0,7
BRDA:103,27,1,7
BRDA:103,27,2,1
BRDA:112,28,0,7
BRDA:112,28,1,5
BRDA:112,29,0,7
BRDA:112,29,1,5
BRDA:113,30,0,7
BRDA:113,30,1,2
BRDA:113,30,2,2
BRDA:114,31,0,7
BRDA:114,31,1,0
BRF:67
BRH:51
end_of_record
TN:
SF:src/commons/HttpError.js
FN:6,(anonymous_0)
FNF:1
FNH:1
FNDA:11,(anonymous_0)
DA:3,5
DA:7,11
DA:8,11
DA:9,11
DA:10,11
DA:14,5
LF:6
LH:6
BRDA:6,0,0,6
BRDA:6,1,0,11
BRF:2
BRH:2
end_of_record
TN:
SF:src/commons/MongoController.js
FN:7,(anonymous_0)
FN:20,(anonymous_1)
FN:37,(anonymous_2)
FN:38,(anonymous_3)
FN:40,(anonymous_4)
FN:41,(anonymous_5)
FN:42,(anonymous_6)
FN:46,(anonymous_7)
FN:56,(anonymous_8)
FN:57,(anonymous_9)
FN:63,(anonymous_10)
FN:77,(anonymous_11)
FN:78,(anonymous_12)
FN:91,(anonymous_13)
FNF:14
FNH:7
FNDA:4,(anonymous_0)
FNDA:8,(anonymous_1)
FNDA:5,(anonymous_2)
FNDA:3,(anonymous_3)
FNDA:0,(anonymous_4)
FNDA:0,(anonymous_5)
FNDA:0,(anonymous_6)
FNDA:1,(anonymous_7)
FNDA:0,(anonymous_8)
FNDA:0,(anonymous_9)
FNDA:5,(anonymous_10)
FNDA:0,(anonymous_11)
FNDA:0,(anonymous_12)
FNDA:2,(anonymous_13)
DA:3,4
DA:4,4
DA:8,4
DA:9,4
DA:10,4
DA:11,4
DA:12,4
DA:13,4
DA:14,4
DA:15,4
DA:16,4
DA:17,4
DA:21,8
DA:23,8
DA:24,2
DA:27,6
DA:28,3
DA:30,6
DA:31,3
DA:33,3
DA:38,5
DA:39,3
DA:40,3
DA:41,3
DA:42,3
DA:47,1
DA:48,1
DA:49,1
DA:50,1
DA:51,1
DA:52,1
DA:53,1
DA:57,0
DA:58,0
DA:59,0
DA:64,5
DA:66,5
DA:67,5
DA:68,5
DA:69,1
DA:71,4
DA:74,5
DA:75,5
DA:77,5
DA:78,0
DA:79,0
DA:83,5
DA:92,2
DA:96,4
LF:49
LH:44
BRDA:17,0,0,0
BRDA:17,0,1,4
BRDA:23,1,0,2
BRDA:23,1,1,6
BRDA:23,2,0,8
BRDA:23,2,1,8
BRDA:27,3,0,3
BRDA:27,3,1,3
BRDA:30,4,0,3
BRDA:30,4,1,3
BRDA:68,5,0,1
BRDA:68,5,1,4
BRF:12
BRH:11
end_of_record
TN:
SF:src/commons/Routes.js
FN:7,(anonymous_0)
FN:14,(anonymous_1)
FN:30,(anonymous_2)
FN:64,(anonymous_3)
FN:74,(anonymous_4)
FN:82,(anonymous_5)
FN:87,(anonymous_6)
FNF:7
FNH:7
FNDA:4,(anonymous_0)
FNDA:18,(anonymous_1)
FNDA:26,(anonymous_2)
FNDA:3,(anonymous_3)
FNDA:8,(anonymous_4)
FNDA:3,(anonymous_5)
FNDA:4,(anonymous_6)
DA:3,4
DA:4,4
DA:8,4
DA:9,4
DA:10,4
DA:11,4
DA:15,18
DA:16,18
DA:17,18
DA:19,18
DA:20,72
DA:21,72
DA:23,72
DA:24,54
DA:25,19
DA:26,13
DA:30,54
DA:31,26
DA:33,26
DA:34,26
DA:35,26
DA:37,26
DA:38,24
DA:39,18
DA:40,17
DA:41,17
DA:43,17
DA:45,2
DA:54,7
DA:55,7
DA:61,18
DA:65,3
DA:66,2
DA:67,2
DA:68,2
DA:69,2
DA:71,1
DA:75,8
DA:76,1
DA:77,1
DA:79,8
DA:83,3
DA:84,3
DA:86,3
DA:87,3
DA:88,4
DA:89,4
DA:93,3
DA:97,4
LF:49
LH:49
BRDA:10,0,0,4
BRDA:10,0,1,0
BRDA:11,1,0,4
BRDA:11,1,1,0
BRDA:17,2,0,18
BRDA:17,2,1,14
BRDA:20,3,0,72
BRDA:20,3,1,72
BRDA:21,4,0,72
BRDA:21,4,1,72
BRDA:23,5,0,54
BRDA:23,5,1,18
BRDA:23,6,0,72
BRDA:23,6,1,54
BRDA:24,7,0,19
BRDA:24,7,1,35
BRDA:24,8,0,54
BRDA:24,8,1,29
BRDA:24,8,2,28
BRDA:25,9,0,13
BRDA:25,9,1,6
BRDA:30,10,0,54
BRDA:30,10,1,34
BRDA:31,11,0,26
BRDA:31,11,1,26
BRDA:37,12,0,24
BRDA:37,12,1,2
BRDA:39,13,0,17
BRDA:39,13,1,0
BRDA:40,14,0,17
BRDA:40,14,1,9
BRDA:41,15,0,17
BRDA:41,15,1,8
BRDA:65,16,0,2
BRDA:65,16,1,1
BRDA:65,17,0,3
BRDA:65,17,1,3
BRDA:74,18,0,1
BRDA:75,19,0,1
BRDA:75,19,1,7
BRDA:82,20,0,1
BRDA:83,21,0,3
BRDA:83,21,1,0
BRDA:86,22,0,3
BRDA:86,22,1,0
BRF:45
BRH:40
end_of_record
TN:
SF:src/commons/constants/HttpStatusCode.js
FNF:0
FNH:0
DA:3,12
LF:1
LH:1
BRF:0
BRH:0
end_of_record
TN:
SF:src/commons/constants/LogLevels.js
FNF:0
FNH:0
DA:3,9
LF:1
LH:1
BRF:0
BRH:0
end_of_record
TN:
SF:src/commons/constants/Messages.js
FNF:0
FNH:0
DA:3,12
LF:1
LH:1
BRF:0
BRH:0
end_of_record
TN:
SF:src/commons/middlewares/AclMiddleware.js
FN:6,(anonymous_0)
FN:11,(anonymous_1)
FN:33,(anonymous_2)
FN:41,(anonymous_3)
FNF:4
FNH:4
FNDA:3,(anonymous_0)
FNDA:10,(anonymous_1)
FNDA:26,(anonymous_2)
FNDA:4,(anonymous_3)
DA:3,3
DA:7,3
DA:8,3
DA:12,10
DA:21,10
DA:22,10
DA:23,10
DA:24,10
DA:25,10
DA:27,10
DA:28,0
DA:30,10
DA:34,26
DA:35,10
DA:37,16
DA:42,4
DA:46,3
LF:17
LH:16
BRDA:25,0,0,10
BRDA:25,0,1,10
BRDA:25,0,2,10
BRDA:27,1,0,0
BRDA:27,1,1,10
BRDA:27,2,0,10
BRDA:27,2,1,10
BRDA:34,3,0,10
BRDA:34,3,1,16
BRDA:34,4,0,26
BRDA:34,4,1,10
BRDA:34,5,0,10
BRDA:34,5,1,0
BRF:13
BRH:11
end_of_record
TN:
SF:src/commons/middlewares/JwtMiddleware.js
FN:8,(anonymous_0)
FN:18,(anonymous_1)
FN:32,(anonymous_2)
FN:38,(anonymous_3)
FN:44,(anonymous_4)
FN:54,(anonymous_5)
FN:74,(anonymous_6)
FN:82,(anonymous_7)
FNF:8
FNH:8
FNDA:4,(anonymous_0)
FNDA:4,(anonymous_1)
FNDA:1,(anonymous_2)
FNDA:15,(anonymous_3)
FNDA:28,(anonymous_4)
FNDA:15,(anonymous_5)
FNDA:28,(anonymous_6)
FNDA:4,(anonymous_7)
DA:3,4
DA:4,4
DA:5,4
DA:9,4
DA:10,4
DA:11,4
DA:12,4
DA:13,4
DA:14,4
DA:15,4
DA:19,4
DA:20,12
DA:22,12
DA:23,12
DA:24,12
DA:25,8
DA:27,12
DA:33,1
DA:34,1
DA:39,15
DA:40,15
DA:41,15
DA:45,28
DA:46,28
DA:47,81
DA:48,16
DA:51,12
DA:55,15
DA:56,15
DA:57,15
DA:59,12
DA:60,12
DA:62,12
DA:63,2
DA:67,10
DA:68,10
DA:70,3
DA:75,28
DA:76,16
DA:78,12
DA:83,4
DA:87,4
LF:42
LH:42
BRDA:13,0,0,4
BRDA:13,0,1,0
BRDA:22,1,0,12
BRDA:22,1,1,0
BRDA:24,2,0,8
BRDA:24,2,1,4
BRDA:33,3,0,1
BRDA:33,3,1,0
BRDA:33,4,0,1
BRDA:33,4,1,0
BRDA:40,5,0,12
BRDA:40,5,1,3
BRDA:47,6,0,16
BRDA:47,6,1,65
BRDA:47,7,0,81
BRDA:47,7,1,24
BRDA:47,7,2,24
BRDA:59,8,0,12
BRDA:59,8,1,0
BRDA:62,9,0,2
BRDA:62,9,1,10
BRDA:75,10,0,16
BRDA:75,10,1,12
BRF:23
BRH:18
end_of_record
TN:
SF:src/commons/utils/DataUtils.js
FN:9,(anonymous_0)
FN:30,(anonymous_1)
FN:48,(anonymous_2)
FN:62,(anonymous_3)
FN:84,(anonymous_4)
FN:89,(anonymous_5)
FNF:6
FNH:5
FNDA:9,(anonymous_0)
FNDA:39,(anonymous_1)
FNDA:1,(anonymous_2)
FNDA:0,(anonymous_3)
FNDA:8,(anonymous_4)
FNDA:56,(anonymous_5)
DA:3,9
DA:4,9
DA:5,9
DA:6,9
DA:10,9
DA:21,9
DA:22,43
DA:23,8
DA:27,1
DA:31,39
DA:33,2
DA:34,2
DA:35,1
DA:37,1
DA:40,9
DA:42,7
DA:45,21
DA:49,1
DA:50,1
DA:51,1
DA:53,1
DA:54,7
DA:59,1
DA:63,0
DA:64,0
DA:67,0
DA:68,0
DA:69,0
DA:70,0
DA:71,0
DA:73,0
DA:74,0
DA:77,0
DA:78,0
DA:81,0
DA:85,8
DA:86,8
DA:88,8
DA:89,8
DA:90,56
DA:93,56
DA:94,0
DA:96,56
DA:97,56
DA:98,35
DA:99,35
DA:101,0
DA:108,8
DA:112,9
LF:49
LH:35
BRDA:4,0,0,9
BRDA:4,0,1,9
BRDA:22,1,0,8
BRDA:22,1,1,35
BRDA:31,2,0,2
BRDA:31,2,1,9
BRDA:31,2,2,7
BRDA:34,3,0,1
BRDA:34,3,1,1
BRDA:40,4,0,1
BRDA:40,4,1,8
BRDA:49,5,0,1
BRDA:49,5,1,0
BRDA:56,6,0,6
BRDA:56,6,1,1
BRDA:67,7,0,0
BRDA:67,7,1,0
BRDA:67,8,0,0
BRDA:67,8,1,0
BRDA:70,9,0,0
BRDA:70,9,1,0
BRDA:73,10,0,0
BRDA:73,10,1,0
BRDA:77,11,0,0
BRDA:77,11,1,0
BRDA:88,12,0,8
BRDA:88,12,1,0
BRDA:90,13,0,56
BRDA:90,13,1,0
BRDA:93,14,0,0
BRDA:93,14,1,56
BRDA:97,15,0,35
BRDA:97,15,1,21
BRDA:97,16,0,56
BRDA:97,16,1,56
BRDA:97,16,2,35
BRDA:98,17,0,35
BRDA:98,17,1,0
BRDA:98,18,0,35
BRDA:98,18,1,35
BRF:40
BRH:25
end_of_record
TN:
SF:src/commons/utils/ValidatorUtils.js
FN:6,(anonymous_0)
FN:69,(anonymous_1)
FN:79,(anonymous_2)
FN:91,(anonymous_3)
FN:105,(anonymous_4)
FN:135,(anonymous_5)
FN:139,(anonymous_6)
FNF:7
FNH:7
FNDA:10,(anonymous_0)
FNDA:81,(anonymous_1)
FNDA:81,(anonymous_2)
FNDA:101,(anonymous_3)
FNDA:15,(anonymous_4)
FNDA:2,(anonymous_5)
FNDA:3,(anonymous_6)
DA:3,10
DA:7,10
DA:21,10
DA:70,81
DA:72,81
DA:73,18
DA:76,81
DA:80,81
DA:81,81
DA:82,303
DA:83,303
DA:84,159
DA:85,81
DA:86,81
DA:88,81
DA:89,81
DA:91,101
DA:93,78
DA:94,9
DA:96,69
DA:102,81
DA:106,15
DA:107,15
DA:108,15
DA:109,15
DA:110,81
DA:111,81
DA:112,81
DA:113,81
DA:114,9
DA:116,9
DA:117,0
DA:118,0
DA:119,0
DA:123,9
DA:126,72
DA:132,15
DA:136,2
DA:140,3
DA:141,2
DA:142,2
DA:144,1
DA:148,10
LF:43
LH:40
BRDA:70,0,0,81
BRDA:70,0,1,63
BRDA:72,1,0,18
BRDA:72,1,1,63
BRDA:72,2,0,81
BRDA:72,2,1,33
BRDA:82,3,0,303
BRDA:82,3,1,0
BRDA:83,4,0,159
BRDA:83,4,1,144
BRDA:83,5,0,303
BRDA:83,5,1,153
BRDA:84,6,0,81
BRDA:84,6,1,78
BRDA:86,7,0,9
BRDA:86,7,1,72
BRDA:88,8,0,81
BRDA:88,8,1,0
BRDA:93,9,0,9
BRDA:93,9,1,69
BRDA:107,10,0,15
BRDA:107,10,1,0
BRDA:107,11,0,15
BRDA:107,11,1,15
BRDA:110,12,0,81
BRDA:110,12,1,0
BRDA:113,13,0,9
BRDA:113,13,1,72
BRDA:113,14,0,81
BRDA:113,14,1,9
BRDA:116,15,0,0
BRDA:116,15,1,9
BRDA:118,16,0,0
BRDA:118,16,1,0
BRDA:118,17,0,0
BRDA:118,17,1,0
BRDA:136,18,0,2
BRDA:136,18,1,2
BRDA:136,18,2,1
BRDA:140,19,0,2
BRDA:140,19,1,1
BRDA:142,20,0,2
BRDA:142,20,1,1
BRF:43
BRH:34
end_of_record
